<html>
<head>
<title>TestNG:  CarrierTest</title>
<link href="../testng.css" rel="stylesheet" type="text/css" />
<link href="../my-testng.css" rel="stylesheet" type="text/css" />

<style type="text/css">
.log { display: none;} 
.stack-trace { display: none;} 
</style>
<script type="text/javascript">
<!--
function flip(e) {
  current = e.style.display;
  if (current == 'block') {
    e.style.display = 'none';
    return 0;
  }
  else {
    e.style.display = 'block';
    return 1;
  }
}

function toggleBox(szDivId, elem, msg1, msg2)
{
  var res = -1;  if (document.getElementById) {
    res = flip(document.getElementById(szDivId));
  }
  else if (document.all) {
    // this is the way old msie versions work
    res = flip(document.all[szDivId]);
  }
  if(elem) {
    if(res == 0) elem.innerHTML = msg1; else elem.innerHTML = msg2;
  }

}

function toggleAllBoxes() {
  if (document.getElementsByTagName) {
    d = document.getElementsByTagName('div');
    for (i = 0; i < d.length; i++) {
      if (d[i].className == 'log') {
        flip(d[i]);
      }
    }
  }
}

// -->
</script>

</head>
<body>
<h2 align='center'>CarrierTest</h2><table border='1' align="center">
<tr>
<td>Tests passed/Failed/Skipped:</td><td>0/0/31</td>
</tr><tr>
<td>Started on:</td><td>Fri Sep 30 07:56:34 IST 2016</td>
</tr>
<tr><td>Total time:</td><td>18 seconds (18169 ms)</td>
</tr><tr>
<td>Included groups:</td><td></td>
</tr><tr>
<td>Excluded groups:</td><td></td>
</tr>
</table><p/>
<small><i>(Hover the method name to see the test class name)</i></small><p/>
<table width='100%' border='1' class='invocation-failed'>
<tr><td colspan='4' align='center'><b>FAILED CONFIGURATIONS</b></td></tr>
<tr><td><b>Test method</b></td>
<td width="30%"><b>Exception</b></td>
<td width="10%"><b>Time (seconds)</b></td>
<td><b>Instance</b></td>
</tr>
<tr>
<td title='eSalesTest.QuotationTest.init()'><b>init</b><br>Test class: eSalesTest.QuotationTest</td>
<td><div><pre>org.testng.TestNGException: 
Parameter &apos;browser&apos; is required by @Configuration on method init but has not been marked @Optional or defined
in C:\Users\prabakar.inmaa\workspace\eFreightSuite\Suites\SmokeSuite.xml
	at java.util.concurrent.FutureTask.run(Unknown Source)
	at java.util.concurrent.ThreadPoolExecutor.runWorker(Unknown Source)
	at java.util.concurrent.ThreadPoolExecutor$Worker.run(Unknown Source)
	at java.lang.Thread.run(Unknown Source)
... Removed 11 stack frames</pre></div><a href='#' onClick='toggleBox("stack-trace121574773", this, "Click to show all stack frames", "Click to hide stack frames")'>Click to show all stack frames</a>
<div class='stack-trace' id='stack-trace121574773'><pre>org.testng.TestNGException: 
Parameter &apos;browser&apos; is required by @Configuration on method init but has not been marked @Optional or defined
in C:\Users\prabakar.inmaa\workspace\eFreightSuite\Suites\SmokeSuite.xml
	at org.testng.internal.Parameters.createParameters(Parameters.java:154)
	at org.testng.internal.Parameters.createParameters(Parameters.java:361)
	at org.testng.internal.Parameters.createConfigurationParameters(Parameters.java:84)
	at org.testng.internal.Invoker.invokeConfigurations(Invoker.java:197)
	at org.testng.internal.Invoker.invokeConfigurations(Invoker.java:138)
	at org.testng.TestRunner.beforeRun(TestRunner.java:648)
	at org.testng.TestRunner.run(TestRunner.java:616)
	at org.testng.SuiteRunner.runTest(SuiteRunner.java:359)
	at org.testng.SuiteRunner.access$000(SuiteRunner.java:39)
	at org.testng.SuiteRunner$SuiteWorker.run(SuiteRunner.java:393)
	at org.testng.internal.thread.ThreadUtil$2.call(ThreadUtil.java:64)
	at java.util.concurrent.FutureTask.run(Unknown Source)
	at java.util.concurrent.ThreadPoolExecutor.runWorker(Unknown Source)
	at java.util.concurrent.ThreadPoolExecutor$Worker.run(Unknown Source)
	at java.lang.Thread.run(Unknown Source)
</pre></div></td>
<td>0</td>
<td>null</td></tr>
</table><p>
<table width='100%' border='1' class='invocation-skipped'>
<tr><td colspan='4' align='center'><b>SKIPPED CONFIGURATIONS</b></td></tr>
<tr><td><b>Test method</b></td>
<td width="30%"><b>Exception</b></td>
<td width="10%"><b>Time (seconds)</b></td>
<td><b>Instance</b></td>
</tr>
<tr>
<td title='eSalesTest.QuotationTest.beforemethod()'><b>beforemethod</b><br>Test class: eSalesTest.QuotationTest</td>
<td></td>
<td>0</td>
<td>eSalesTest.QuotationTest@4566e5bd</td></tr>
<tr>
<td title='eSalesTest.QuotationTest.beforemethod()'><b>beforemethod</b><br>Test class: eSalesTest.QuotationTest</td>
<td></td>
<td>0</td>
<td>eSalesTest.QuotationTest@4566e5bd</td></tr>
<tr>
<td title='eSalesTest.QuotationTest.beforemethod()'><b>beforemethod</b><br>Test class: eSalesTest.QuotationTest</td>
<td></td>
<td>0</td>
<td>eSalesTest.QuotationTest@4566e5bd</td></tr>
<tr>
<td title='eSalesTest.QuotationTest.beforemethod()'><b>beforemethod</b><br>Test class: eSalesTest.QuotationTest</td>
<td></td>
<td>0</td>
<td>eSalesTest.QuotationTest@4566e5bd</td></tr>
<tr>
<td title='eSalesTest.QuotationTest.beforemethod()'><b>beforemethod</b><br>Test class: eSalesTest.QuotationTest</td>
<td></td>
<td>0</td>
<td>eSalesTest.QuotationTest@4566e5bd</td></tr>
<tr>
<td title='eSalesTest.QuotationTest.beforemethod()'><b>beforemethod</b><br>Test class: eSalesTest.QuotationTest</td>
<td></td>
<td>0</td>
<td>eSalesTest.QuotationTest@4566e5bd</td></tr>
<tr>
<td title='eSalesTest.QuotationTest.beforemethod()'><b>beforemethod</b><br>Test class: eSalesTest.QuotationTest</td>
<td></td>
<td>0</td>
<td>eSalesTest.QuotationTest@4566e5bd</td></tr>
<tr>
<td title='eSalesTest.QuotationTest.beforemethod()'><b>beforemethod</b><br>Test class: eSalesTest.QuotationTest</td>
<td></td>
<td>0</td>
<td>eSalesTest.QuotationTest@4566e5bd</td></tr>
<tr>
<td title='eSalesTest.QuotationTest.beforemethod()'><b>beforemethod</b><br>Test class: eSalesTest.QuotationTest</td>
<td></td>
<td>0</td>
<td>eSalesTest.QuotationTest@4566e5bd</td></tr>
<tr>
<td title='eSalesTest.QuotationTest.beforemethod()'><b>beforemethod</b><br>Test class: eSalesTest.QuotationTest</td>
<td></td>
<td>0</td>
<td>eSalesTest.QuotationTest@4566e5bd</td></tr>
<tr>
<td title='eSalesTest.QuotationTest.beforemethod()'><b>beforemethod</b><br>Test class: eSalesTest.QuotationTest</td>
<td></td>
<td>0</td>
<td>eSalesTest.QuotationTest@4566e5bd</td></tr>
<tr>
<td title='eSalesTest.QuotationTest.beforemethod()'><b>beforemethod</b><br>Test class: eSalesTest.QuotationTest</td>
<td></td>
<td>0</td>
<td>eSalesTest.QuotationTest@4566e5bd</td></tr>
<tr>
<td title='eSalesTest.QuotationTest.beforemethod()'><b>beforemethod</b><br>Test class: eSalesTest.QuotationTest</td>
<td></td>
<td>0</td>
<td>eSalesTest.QuotationTest@4566e5bd</td></tr>
<tr>
<td title='eSalesTest.QuotationTest.beforemethod()'><b>beforemethod</b><br>Test class: eSalesTest.QuotationTest</td>
<td></td>
<td>0</td>
<td>eSalesTest.QuotationTest@4566e5bd</td></tr>
<tr>
<td title='eSalesTest.QuotationTest.beforemethod()'><b>beforemethod</b><br>Test class: eSalesTest.QuotationTest</td>
<td></td>
<td>0</td>
<td>eSalesTest.QuotationTest@4566e5bd</td></tr>
<tr>
<td title='eSalesTest.QuotationTest.beforemethod()'><b>beforemethod</b><br>Test class: eSalesTest.QuotationTest</td>
<td></td>
<td>0</td>
<td>eSalesTest.QuotationTest@4566e5bd</td></tr>
<tr>
<td title='eSalesTest.QuotationTest.beforemethod()'><b>beforemethod</b><br>Test class: eSalesTest.QuotationTest</td>
<td></td>
<td>0</td>
<td>eSalesTest.QuotationTest@4566e5bd</td></tr>
<tr>
<td title='eSalesTest.QuotationTest.beforemethod()'><b>beforemethod</b><br>Test class: eSalesTest.QuotationTest</td>
<td></td>
<td>0</td>
<td>eSalesTest.QuotationTest@4566e5bd</td></tr>
<tr>
<td title='eSalesTest.QuotationTest.beforemethod()'><b>beforemethod</b><br>Test class: eSalesTest.QuotationTest</td>
<td></td>
<td>0</td>
<td>eSalesTest.QuotationTest@4566e5bd</td></tr>
<tr>
<td title='eSalesTest.QuotationTest.aftermethod()'><b>aftermethod</b><br>Test class: eSalesTest.QuotationTest</td>
<td></td>
<td>0</td>
<td>eSalesTest.QuotationTest@4566e5bd</td></tr>
<tr>
<td title='eSalesTest.QuotationTest.aftermethod()'><b>aftermethod</b><br>Test class: eSalesTest.QuotationTest</td>
<td></td>
<td>0</td>
<td>eSalesTest.QuotationTest@4566e5bd</td></tr>
<tr>
<td title='eSalesTest.QuotationTest.aftermethod()'><b>aftermethod</b><br>Test class: eSalesTest.QuotationTest</td>
<td></td>
<td>0</td>
<td>eSalesTest.QuotationTest@4566e5bd</td></tr>
<tr>
<td title='eSalesTest.QuotationTest.aftermethod()'><b>aftermethod</b><br>Test class: eSalesTest.QuotationTest</td>
<td></td>
<td>0</td>
<td>eSalesTest.QuotationTest@4566e5bd</td></tr>
<tr>
<td title='eSalesTest.QuotationTest.aftermethod()'><b>aftermethod</b><br>Test class: eSalesTest.QuotationTest</td>
<td></td>
<td>0</td>
<td>eSalesTest.QuotationTest@4566e5bd</td></tr>
<tr>
<td title='eSalesTest.QuotationTest.aftermethod()'><b>aftermethod</b><br>Test class: eSalesTest.QuotationTest</td>
<td></td>
<td>0</td>
<td>eSalesTest.QuotationTest@4566e5bd</td></tr>
<tr>
<td title='eSalesTest.QuotationTest.aftermethod()'><b>aftermethod</b><br>Test class: eSalesTest.QuotationTest</td>
<td></td>
<td>0</td>
<td>eSalesTest.QuotationTest@4566e5bd</td></tr>
<tr>
<td title='eSalesTest.QuotationTest.aftermethod()'><b>aftermethod</b><br>Test class: eSalesTest.QuotationTest</td>
<td></td>
<td>0</td>
<td>eSalesTest.QuotationTest@4566e5bd</td></tr>
<tr>
<td title='eSalesTest.QuotationTest.aftermethod()'><b>aftermethod</b><br>Test class: eSalesTest.QuotationTest</td>
<td></td>
<td>0</td>
<td>eSalesTest.QuotationTest@4566e5bd</td></tr>
<tr>
<td title='eSalesTest.QuotationTest.aftermethod()'><b>aftermethod</b><br>Test class: eSalesTest.QuotationTest</td>
<td></td>
<td>0</td>
<td>eSalesTest.QuotationTest@4566e5bd</td></tr>
<tr>
<td title='eSalesTest.QuotationTest.aftermethod()'><b>aftermethod</b><br>Test class: eSalesTest.QuotationTest</td>
<td></td>
<td>0</td>
<td>eSalesTest.QuotationTest@4566e5bd</td></tr>
<tr>
<td title='eSalesTest.QuotationTest.aftermethod()'><b>aftermethod</b><br>Test class: eSalesTest.QuotationTest</td>
<td></td>
<td>0</td>
<td>eSalesTest.QuotationTest@4566e5bd</td></tr>
<tr>
<td title='eSalesTest.QuotationTest.aftermethod()'><b>aftermethod</b><br>Test class: eSalesTest.QuotationTest</td>
<td></td>
<td>0</td>
<td>eSalesTest.QuotationTest@4566e5bd</td></tr>
<tr>
<td title='eSalesTest.QuotationTest.aftermethod()'><b>aftermethod</b><br>Test class: eSalesTest.QuotationTest</td>
<td></td>
<td>0</td>
<td>eSalesTest.QuotationTest@4566e5bd</td></tr>
<tr>
<td title='eSalesTest.QuotationTest.aftermethod()'><b>aftermethod</b><br>Test class: eSalesTest.QuotationTest</td>
<td></td>
<td>0</td>
<td>eSalesTest.QuotationTest@4566e5bd</td></tr>
<tr>
<td title='eSalesTest.QuotationTest.aftermethod()'><b>aftermethod</b><br>Test class: eSalesTest.QuotationTest</td>
<td></td>
<td>0</td>
<td>eSalesTest.QuotationTest@4566e5bd</td></tr>
<tr>
<td title='eSalesTest.QuotationTest.aftermethod()'><b>aftermethod</b><br>Test class: eSalesTest.QuotationTest</td>
<td></td>
<td>0</td>
<td>eSalesTest.QuotationTest@4566e5bd</td></tr>
<tr>
<td title='eSalesTest.QuotationTest.aftermethod()'><b>aftermethod</b><br>Test class: eSalesTest.QuotationTest</td>
<td></td>
<td>0</td>
<td>eSalesTest.QuotationTest@4566e5bd</td></tr>
<tr>
<td title='eSalesTest.QuotationTest.aftermethod()'><b>aftermethod</b><br>Test class: eSalesTest.QuotationTest</td>
<td></td>
<td>0</td>
<td>eSalesTest.QuotationTest@4566e5bd</td></tr>
<tr>
<td title='eSalesTest.QuotationTest.close()'><b>close</b><br>Test class: eSalesTest.QuotationTest</td>
<td></td>
<td>0</td>
<td>null</td></tr>
</table><p>
<table width='100%' border='1' class='invocation-skipped'>
<tr><td colspan='4' align='center'><b>SKIPPED TESTS</b></td></tr>
<tr><td><b>Test method</b></td>
<td width="30%"><b>Exception</b></td>
<td width="10%"><b>Time (seconds)</b></td>
<td><b>Instance</b></td>
</tr>
<tr>
<td title='eSalesTest.QuotationTest.CanAllowAlphanumericAndSpecialCharactersByQuotePartyAddress1()'><b>CanAllowAlphanumericAndSpecialCharactersByQuotePartyAddress1</b><br>Test class: eSalesTest.QuotationTest</td>
<td></td>
<td>1</td>
<td>eSalesTest.QuotationTest@4566e5bd</td></tr>
<tr>
<td title='eSalesTest.QuotationTest.CanAllowAlphanumericAndSpecialCharactersByQuotePartyAddress2()'><b>CanAllowAlphanumericAndSpecialCharactersByQuotePartyAddress2</b><br>Test class: eSalesTest.QuotationTest</td>
<td></td>
<td>1</td>
<td>eSalesTest.QuotationTest@4566e5bd</td></tr>
<tr>
<td title='eSalesTest.QuotationTest.CanAllowAlphanumericAndSpecialCharactersByQuotePartyAddress3()'><b>CanAllowAlphanumericAndSpecialCharactersByQuotePartyAddress3</b><br>Test class: eSalesTest.QuotationTest</td>
<td></td>
<td>3</td>
<td>eSalesTest.QuotationTest@4566e5bd</td></tr>
<tr>
<td title='eSalesTest.QuotationTest.CanAllowAlphanumericCharactersByQuotePartyAttention()'><b>CanAllowAlphanumericCharactersByQuotePartyAttention</b><br>Test class: eSalesTest.QuotationTest</td>
<td><div><pre>java.lang.Throwable: Method QuotationTest.CanAllowAlphanumericCharactersByQuotePartyAttention()[pri:26, instance:eSalesTest.QuotationTest@4566e5bd] depends on not successfully finished methods
	at java.util.concurrent.FutureTask.run(Unknown Source)
	at java.util.concurrent.ThreadPoolExecutor.runWorker(Unknown Source)
	at java.util.concurrent.ThreadPoolExecutor$Worker.run(Unknown Source)
	at java.lang.Thread.run(Unknown Source)
... Removed 9 stack frames</pre></div><a href='#' onClick='toggleBox("stack-trace1985273124", this, "Click to show all stack frames", "Click to hide stack frames")'>Click to show all stack frames</a>
<div class='stack-trace' id='stack-trace1985273124'><pre>java.lang.Throwable: Method QuotationTest.CanAllowAlphanumericCharactersByQuotePartyAttention()[pri:26, instance:eSalesTest.QuotationTest@4566e5bd] depends on not successfully finished methods
	at org.testng.internal.Invoker.invokeTestMethods(Invoker.java:1033)
	at org.testng.internal.TestMethodWorker.invokeTestMethods(TestMethodWorker.java:125)
	at org.testng.internal.TestMethodWorker.run(TestMethodWorker.java:108)
	at org.testng.TestRunner.privateRun(TestRunner.java:774)
	at org.testng.TestRunner.run(TestRunner.java:624)
	at org.testng.SuiteRunner.runTest(SuiteRunner.java:359)
	at org.testng.SuiteRunner.access$000(SuiteRunner.java:39)
	at org.testng.SuiteRunner$SuiteWorker.run(SuiteRunner.java:393)
	at org.testng.internal.thread.ThreadUtil$2.call(ThreadUtil.java:64)
	at java.util.concurrent.FutureTask.run(Unknown Source)
	at java.util.concurrent.ThreadPoolExecutor.runWorker(Unknown Source)
	at java.util.concurrent.ThreadPoolExecutor$Worker.run(Unknown Source)
	at java.lang.Thread.run(Unknown Source)
</pre></div></td>
<td>0</td>
<td>null</td></tr>
<tr>
<td title='eSalesTest.QuotationTest.CanChangeQuotePartyAddress()'><b>CanChangeQuotePartyAddress</b><br>Test class: eSalesTest.QuotationTest</td>
<td><div><pre>java.lang.Throwable: Method QuotationTest.CanChangeQuotePartyAddress()[pri:14, instance:eSalesTest.QuotationTest@4566e5bd] depends on not successfully finished methods
	at java.util.concurrent.FutureTask.run(Unknown Source)
	at java.util.concurrent.ThreadPoolExecutor.runWorker(Unknown Source)
	at java.util.concurrent.ThreadPoolExecutor$Worker.run(Unknown Source)
	at java.lang.Thread.run(Unknown Source)
... Removed 9 stack frames</pre></div><a href='#' onClick='toggleBox("stack-trace208966481", this, "Click to show all stack frames", "Click to hide stack frames")'>Click to show all stack frames</a>
<div class='stack-trace' id='stack-trace208966481'><pre>java.lang.Throwable: Method QuotationTest.CanChangeQuotePartyAddress()[pri:14, instance:eSalesTest.QuotationTest@4566e5bd] depends on not successfully finished methods
	at org.testng.internal.Invoker.invokeTestMethods(Invoker.java:1033)
	at org.testng.internal.TestMethodWorker.invokeTestMethods(TestMethodWorker.java:125)
	at org.testng.internal.TestMethodWorker.run(TestMethodWorker.java:108)
	at org.testng.TestRunner.privateRun(TestRunner.java:774)
	at org.testng.TestRunner.run(TestRunner.java:624)
	at org.testng.SuiteRunner.runTest(SuiteRunner.java:359)
	at org.testng.SuiteRunner.access$000(SuiteRunner.java:39)
	at org.testng.SuiteRunner$SuiteWorker.run(SuiteRunner.java:393)
	at org.testng.internal.thread.ThreadUtil$2.call(ThreadUtil.java:64)
	at java.util.concurrent.FutureTask.run(Unknown Source)
	at java.util.concurrent.ThreadPoolExecutor.runWorker(Unknown Source)
	at java.util.concurrent.ThreadPoolExecutor$Worker.run(Unknown Source)
	at java.lang.Thread.run(Unknown Source)
</pre></div></td>
<td>0</td>
<td>null</td></tr>
<tr>
<td title='eSalesTest.QuotationTest.CanCreateBlockedParty()'><b>CanCreateBlockedParty</b><br>Test class: eSalesTest.QuotationTest</td>
<td></td>
<td>0</td>
<td>eSalesTest.QuotationTest@4566e5bd</td></tr>
<tr>
<td title='eSalesTest.QuotationTest.CanCreateHiddenParty()'><b>CanCreateHiddenParty</b><br>Test class: eSalesTest.QuotationTest</td>
<td></td>
<td>0</td>
<td>eSalesTest.QuotationTest@4566e5bd</td></tr>
<tr>
<td title='eSalesTest.QuotationTest.CanCreateMultiAddressParty()'><b>CanCreateMultiAddressParty</b><br>Test class: eSalesTest.QuotationTest</td>
<td></td>
<td>0</td>
<td>eSalesTest.QuotationTest@4566e5bd</td></tr>
<tr>
<td title='eSalesTest.QuotationTest.CanCreateParty()'><b>CanCreateParty</b><br>Test class: eSalesTest.QuotationTest</td>
<td></td>
<td>0</td>
<td>eSalesTest.QuotationTest@4566e5bd</td></tr>
<tr>
<td title='eSalesTest.QuotationTest.CanNavigateToPartyMasterFromQuoteParty()'><b>CanNavigateToPartyMasterFromQuoteParty</b><br>Test class: eSalesTest.QuotationTest</td>
<td></td>
<td>0</td>
<td>eSalesTest.QuotationTest@4566e5bd</td></tr>
<tr>
<td title='eSalesTest.QuotationTest.CanPrimaryAddressComeByDefaultInQuoteParty()'><b>CanPrimaryAddressComeByDefaultInQuoteParty</b><br>Test class: eSalesTest.QuotationTest</td>
<td><div><pre>java.lang.Throwable: Method QuotationTest.CanPrimaryAddressComeByDefaultInQuoteParty()[pri:13, instance:eSalesTest.QuotationTest@4566e5bd] depends on not successfully finished methods
	at java.util.concurrent.FutureTask.run(Unknown Source)
	at java.util.concurrent.ThreadPoolExecutor.runWorker(Unknown Source)
	at java.util.concurrent.ThreadPoolExecutor$Worker.run(Unknown Source)
	at java.lang.Thread.run(Unknown Source)
... Removed 9 stack frames</pre></div><a href='#' onClick='toggleBox("stack-trace1430405436", this, "Click to show all stack frames", "Click to hide stack frames")'>Click to show all stack frames</a>
<div class='stack-trace' id='stack-trace1430405436'><pre>java.lang.Throwable: Method QuotationTest.CanPrimaryAddressComeByDefaultInQuoteParty()[pri:13, instance:eSalesTest.QuotationTest@4566e5bd] depends on not successfully finished methods
	at org.testng.internal.Invoker.invokeTestMethods(Invoker.java:1033)
	at org.testng.internal.TestMethodWorker.invokeTestMethods(TestMethodWorker.java:125)
	at org.testng.internal.TestMethodWorker.run(TestMethodWorker.java:108)
	at org.testng.TestRunner.privateRun(TestRunner.java:774)
	at org.testng.TestRunner.run(TestRunner.java:624)
	at org.testng.SuiteRunner.runTest(SuiteRunner.java:359)
	at org.testng.SuiteRunner.access$000(SuiteRunner.java:39)
	at org.testng.SuiteRunner$SuiteWorker.run(SuiteRunner.java:393)
	at org.testng.internal.thread.ThreadUtil$2.call(ThreadUtil.java:64)
	at java.util.concurrent.FutureTask.run(Unknown Source)
	at java.util.concurrent.ThreadPoolExecutor.runWorker(Unknown Source)
	at java.util.concurrent.ThreadPoolExecutor$Worker.run(Unknown Source)
	at java.lang.Thread.run(Unknown Source)
</pre></div></td>
<td>0</td>
<td>null</td></tr>
<tr>
<td title='eSalesTest.QuotationTest.CanQuoteAllowtoSaveWithOutAttention()'><b>CanQuoteAllowtoSaveWithOutAttention</b><br>Test class: eSalesTest.QuotationTest</td>
<td></td>
<td>0</td>
<td>eSalesTest.QuotationTest@4566e5bd</td></tr>
<tr>
<td title='eSalesTest.QuotationTest.CanQuoteAllowtoSaveWithOutPartyAddress3Address()'><b>CanQuoteAllowtoSaveWithOutPartyAddress3Address</b><br>Test class: eSalesTest.QuotationTest</td>
<td></td>
<td>0</td>
<td>eSalesTest.QuotationTest@4566e5bd</td></tr>
<tr>
<td title='eSalesTest.QuotationTest.CanQuoteAttentionComeFromPartyMasterAddressContactName()'><b>CanQuoteAttentionComeFromPartyMasterAddressContactName</b><br>Test class: eSalesTest.QuotationTest</td>
<td><div><pre>java.lang.Throwable: Method QuotationTest.CanQuoteAttentionComeFromPartyMasterAddressContactName()[pri:25, instance:eSalesTest.QuotationTest@4566e5bd] depends on not successfully finished methods
	at java.util.concurrent.FutureTask.run(Unknown Source)
	at java.util.concurrent.ThreadPoolExecutor.runWorker(Unknown Source)
	at java.util.concurrent.ThreadPoolExecutor$Worker.run(Unknown Source)
	at java.lang.Thread.run(Unknown Source)
... Removed 9 stack frames</pre></div><a href='#' onClick='toggleBox("stack-trace1766249878", this, "Click to show all stack frames", "Click to hide stack frames")'>Click to show all stack frames</a>
<div class='stack-trace' id='stack-trace1766249878'><pre>java.lang.Throwable: Method QuotationTest.CanQuoteAttentionComeFromPartyMasterAddressContactName()[pri:25, instance:eSalesTest.QuotationTest@4566e5bd] depends on not successfully finished methods
	at org.testng.internal.Invoker.invokeTestMethods(Invoker.java:1033)
	at org.testng.internal.TestMethodWorker.invokeTestMethods(TestMethodWorker.java:125)
	at org.testng.internal.TestMethodWorker.run(TestMethodWorker.java:108)
	at org.testng.TestRunner.privateRun(TestRunner.java:774)
	at org.testng.TestRunner.run(TestRunner.java:624)
	at org.testng.SuiteRunner.runTest(SuiteRunner.java:359)
	at org.testng.SuiteRunner.access$000(SuiteRunner.java:39)
	at org.testng.SuiteRunner$SuiteWorker.run(SuiteRunner.java:393)
	at org.testng.internal.thread.ThreadUtil$2.call(ThreadUtil.java:64)
	at java.util.concurrent.FutureTask.run(Unknown Source)
	at java.util.concurrent.ThreadPoolExecutor.runWorker(Unknown Source)
	at java.util.concurrent.ThreadPoolExecutor$Worker.run(Unknown Source)
	at java.lang.Thread.run(Unknown Source)
</pre></div></td>
<td>0</td>
<td>null</td></tr>
<tr>
<td title='eSalesTest.QuotationTest.IsHiddenPartyDisplayedInQuotePartyLOV()'><b>IsHiddenPartyDisplayedInQuotePartyLOV</b><br>Test class: eSalesTest.QuotationTest</td>
<td><div><pre>java.lang.Throwable: Method QuotationTest.IsHiddenPartyDisplayedInQuotePartyLOV()[pri:7, instance:eSalesTest.QuotationTest@4566e5bd] depends on not successfully finished methods
	at java.util.concurrent.FutureTask.run(Unknown Source)
	at java.util.concurrent.ThreadPoolExecutor.runWorker(Unknown Source)
	at java.util.concurrent.ThreadPoolExecutor$Worker.run(Unknown Source)
	at java.lang.Thread.run(Unknown Source)
... Removed 9 stack frames</pre></div><a href='#' onClick='toggleBox("stack-trace1385557904", this, "Click to show all stack frames", "Click to hide stack frames")'>Click to show all stack frames</a>
<div class='stack-trace' id='stack-trace1385557904'><pre>java.lang.Throwable: Method QuotationTest.IsHiddenPartyDisplayedInQuotePartyLOV()[pri:7, instance:eSalesTest.QuotationTest@4566e5bd] depends on not successfully finished methods
	at org.testng.internal.Invoker.invokeTestMethods(Invoker.java:1033)
	at org.testng.internal.TestMethodWorker.invokeTestMethods(TestMethodWorker.java:125)
	at org.testng.internal.TestMethodWorker.run(TestMethodWorker.java:108)
	at org.testng.TestRunner.privateRun(TestRunner.java:774)
	at org.testng.TestRunner.run(TestRunner.java:624)
	at org.testng.SuiteRunner.runTest(SuiteRunner.java:359)
	at org.testng.SuiteRunner.access$000(SuiteRunner.java:39)
	at org.testng.SuiteRunner$SuiteWorker.run(SuiteRunner.java:393)
	at org.testng.internal.thread.ThreadUtil$2.call(ThreadUtil.java:64)
	at java.util.concurrent.FutureTask.run(Unknown Source)
	at java.util.concurrent.ThreadPoolExecutor.runWorker(Unknown Source)
	at java.util.concurrent.ThreadPoolExecutor$Worker.run(Unknown Source)
	at java.lang.Thread.run(Unknown Source)
</pre></div></td>
<td>0</td>
<td>null</td></tr>
<tr>
<td title='eSalesTest.QuotationTest.IsNavigatedAndCreatedPartyCanComeToQuote()'><b>IsNavigatedAndCreatedPartyCanComeToQuote</b><br>Test class: eSalesTest.QuotationTest</td>
<td></td>
<td>2</td>
<td>eSalesTest.QuotationTest@4566e5bd</td></tr>
<tr>
<td title='eSalesTest.QuotationTest.IsPartyAddressWillComeWhenSelectPartyName()'><b>IsPartyAddressWillComeWhenSelectPartyName</b><br>Test class: eSalesTest.QuotationTest</td>
<td><div><pre>java.lang.Throwable: Method QuotationTest.IsPartyAddressWillComeWhenSelectPartyName()[pri:12, instance:eSalesTest.QuotationTest@4566e5bd] depends on not successfully finished methods
	at java.util.concurrent.FutureTask.run(Unknown Source)
	at java.util.concurrent.ThreadPoolExecutor.runWorker(Unknown Source)
	at java.util.concurrent.ThreadPoolExecutor$Worker.run(Unknown Source)
	at java.lang.Thread.run(Unknown Source)
... Removed 9 stack frames</pre></div><a href='#' onClick='toggleBox("stack-trace836214854", this, "Click to show all stack frames", "Click to hide stack frames")'>Click to show all stack frames</a>
<div class='stack-trace' id='stack-trace836214854'><pre>java.lang.Throwable: Method QuotationTest.IsPartyAddressWillComeWhenSelectPartyName()[pri:12, instance:eSalesTest.QuotationTest@4566e5bd] depends on not successfully finished methods
	at org.testng.internal.Invoker.invokeTestMethods(Invoker.java:1033)
	at org.testng.internal.TestMethodWorker.invokeTestMethods(TestMethodWorker.java:125)
	at org.testng.internal.TestMethodWorker.run(TestMethodWorker.java:108)
	at org.testng.TestRunner.privateRun(TestRunner.java:774)
	at org.testng.TestRunner.run(TestRunner.java:624)
	at org.testng.SuiteRunner.runTest(SuiteRunner.java:359)
	at org.testng.SuiteRunner.access$000(SuiteRunner.java:39)
	at org.testng.SuiteRunner$SuiteWorker.run(SuiteRunner.java:393)
	at org.testng.internal.thread.ThreadUtil$2.call(ThreadUtil.java:64)
	at java.util.concurrent.FutureTask.run(Unknown Source)
	at java.util.concurrent.ThreadPoolExecutor.runWorker(Unknown Source)
	at java.util.concurrent.ThreadPoolExecutor$Worker.run(Unknown Source)
	at java.lang.Thread.run(Unknown Source)
</pre></div></td>
<td>0</td>
<td>null</td></tr>
<tr>
<td title='eSalesTest.QuotationTest.IsQuotePartyLOVHavingAddNewOption()'><b>IsQuotePartyLOVHavingAddNewOption</b><br>Test class: eSalesTest.QuotationTest</td>
<td></td>
<td>0</td>
<td>eSalesTest.QuotationTest@4566e5bd</td></tr>
<tr>
<td title='eSalesTest.QuotationTest.IsQuotePartySelectedFromPartyMaster()'><b>IsQuotePartySelectedFromPartyMaster</b><br>Test class: eSalesTest.QuotationTest</td>
<td><div><pre>java.lang.Throwable: Method QuotationTest.IsQuotePartySelectedFromPartyMaster()[pri:3, instance:eSalesTest.QuotationTest@4566e5bd] depends on not successfully finished methods
	at java.util.concurrent.FutureTask.run(Unknown Source)
	at java.util.concurrent.ThreadPoolExecutor.runWorker(Unknown Source)
	at java.util.concurrent.ThreadPoolExecutor$Worker.run(Unknown Source)
	at java.lang.Thread.run(Unknown Source)
... Removed 9 stack frames</pre></div><a href='#' onClick='toggleBox("stack-trace1651269280", this, "Click to show all stack frames", "Click to hide stack frames")'>Click to show all stack frames</a>
<div class='stack-trace' id='stack-trace1651269280'><pre>java.lang.Throwable: Method QuotationTest.IsQuotePartySelectedFromPartyMaster()[pri:3, instance:eSalesTest.QuotationTest@4566e5bd] depends on not successfully finished methods
	at org.testng.internal.Invoker.invokeTestMethods(Invoker.java:1033)
	at org.testng.internal.TestMethodWorker.invokeTestMethods(TestMethodWorker.java:125)
	at org.testng.internal.TestMethodWorker.run(TestMethodWorker.java:108)
	at org.testng.TestRunner.privateRun(TestRunner.java:774)
	at org.testng.TestRunner.run(TestRunner.java:624)
	at org.testng.SuiteRunner.runTest(SuiteRunner.java:359)
	at org.testng.SuiteRunner.access$000(SuiteRunner.java:39)
	at org.testng.SuiteRunner$SuiteWorker.run(SuiteRunner.java:393)
	at org.testng.internal.thread.ThreadUtil$2.call(ThreadUtil.java:64)
	at java.util.concurrent.FutureTask.run(Unknown Source)
	at java.util.concurrent.ThreadPoolExecutor.runWorker(Unknown Source)
	at java.util.concurrent.ThreadPoolExecutor$Worker.run(Unknown Source)
	at java.lang.Thread.run(Unknown Source)
</pre></div></td>
<td>0</td>
<td>null</td></tr>
<tr>
<td title='eSalesTest.QuotationTest.IsQuoteRestrictedToEnterBlockedParty()'><b>IsQuoteRestrictedToEnterBlockedParty</b><br>Test class: eSalesTest.QuotationTest</td>
<td><div><pre>java.lang.Throwable: Method QuotationTest.IsQuoteRestrictedToEnterBlockedParty()[pri:6, instance:eSalesTest.QuotationTest@4566e5bd] depends on not successfully finished methods
	at java.util.concurrent.FutureTask.run(Unknown Source)
	at java.util.concurrent.ThreadPoolExecutor.runWorker(Unknown Source)
	at java.util.concurrent.ThreadPoolExecutor$Worker.run(Unknown Source)
	at java.lang.Thread.run(Unknown Source)
... Removed 9 stack frames</pre></div><a href='#' onClick='toggleBox("stack-trace247008627", this, "Click to show all stack frames", "Click to hide stack frames")'>Click to show all stack frames</a>
<div class='stack-trace' id='stack-trace247008627'><pre>java.lang.Throwable: Method QuotationTest.IsQuoteRestrictedToEnterBlockedParty()[pri:6, instance:eSalesTest.QuotationTest@4566e5bd] depends on not successfully finished methods
	at org.testng.internal.Invoker.invokeTestMethods(Invoker.java:1033)
	at org.testng.internal.TestMethodWorker.invokeTestMethods(TestMethodWorker.java:125)
	at org.testng.internal.TestMethodWorker.run(TestMethodWorker.java:108)
	at org.testng.TestRunner.privateRun(TestRunner.java:774)
	at org.testng.TestRunner.run(TestRunner.java:624)
	at org.testng.SuiteRunner.runTest(SuiteRunner.java:359)
	at org.testng.SuiteRunner.access$000(SuiteRunner.java:39)
	at org.testng.SuiteRunner$SuiteWorker.run(SuiteRunner.java:393)
	at org.testng.internal.thread.ThreadUtil$2.call(ThreadUtil.java:64)
	at java.util.concurrent.FutureTask.run(Unknown Source)
	at java.util.concurrent.ThreadPoolExecutor.runWorker(Unknown Source)
	at java.util.concurrent.ThreadPoolExecutor$Worker.run(Unknown Source)
	at java.lang.Thread.run(Unknown Source)
</pre></div></td>
<td>0</td>
<td>null</td></tr>
<tr>
<td title='eSalesTest.QuotationTest.IsQuoteRestrictedToEnterHiddenParty()'><b>IsQuoteRestrictedToEnterHiddenParty</b><br>Test class: eSalesTest.QuotationTest</td>
<td><div><pre>java.lang.Throwable: Method QuotationTest.IsQuoteRestrictedToEnterHiddenParty()[pri:8, instance:eSalesTest.QuotationTest@4566e5bd] depends on not successfully finished methods
	at java.util.concurrent.FutureTask.run(Unknown Source)
	at java.util.concurrent.ThreadPoolExecutor.runWorker(Unknown Source)
	at java.util.concurrent.ThreadPoolExecutor$Worker.run(Unknown Source)
	at java.lang.Thread.run(Unknown Source)
... Removed 9 stack frames</pre></div><a href='#' onClick='toggleBox("stack-trace477351970", this, "Click to show all stack frames", "Click to hide stack frames")'>Click to show all stack frames</a>
<div class='stack-trace' id='stack-trace477351970'><pre>java.lang.Throwable: Method QuotationTest.IsQuoteRestrictedToEnterHiddenParty()[pri:8, instance:eSalesTest.QuotationTest@4566e5bd] depends on not successfully finished methods
	at org.testng.internal.Invoker.invokeTestMethods(Invoker.java:1033)
	at org.testng.internal.TestMethodWorker.invokeTestMethods(TestMethodWorker.java:125)
	at org.testng.internal.TestMethodWorker.run(TestMethodWorker.java:108)
	at org.testng.TestRunner.privateRun(TestRunner.java:774)
	at org.testng.TestRunner.run(TestRunner.java:624)
	at org.testng.SuiteRunner.runTest(SuiteRunner.java:359)
	at org.testng.SuiteRunner.access$000(SuiteRunner.java:39)
	at org.testng.SuiteRunner$SuiteWorker.run(SuiteRunner.java:393)
	at org.testng.internal.thread.ThreadUtil$2.call(ThreadUtil.java:64)
	at java.util.concurrent.FutureTask.run(Unknown Source)
	at java.util.concurrent.ThreadPoolExecutor.runWorker(Unknown Source)
	at java.util.concurrent.ThreadPoolExecutor$Worker.run(Unknown Source)
	at java.lang.Thread.run(Unknown Source)
</pre></div></td>
<td>0</td>
<td>null</td></tr>
<tr>
<td title='eSalesTest.QuotationTest.IsQuoteRestrictedToSaveWithoutParty()'><b>IsQuoteRestrictedToSaveWithoutParty</b><br>Test class: eSalesTest.QuotationTest</td>
<td><div><pre>java.lang.Throwable: Method QuotationTest.IsQuoteRestrictedToSaveWithoutParty()[pri:4, instance:eSalesTest.QuotationTest@4566e5bd] depends on not successfully finished methods
	at java.util.concurrent.FutureTask.run(Unknown Source)
	at java.util.concurrent.ThreadPoolExecutor.runWorker(Unknown Source)
	at java.util.concurrent.ThreadPoolExecutor$Worker.run(Unknown Source)
	at java.lang.Thread.run(Unknown Source)
... Removed 9 stack frames</pre></div><a href='#' onClick='toggleBox("stack-trace405264907", this, "Click to show all stack frames", "Click to hide stack frames")'>Click to show all stack frames</a>
<div class='stack-trace' id='stack-trace405264907'><pre>java.lang.Throwable: Method QuotationTest.IsQuoteRestrictedToSaveWithoutParty()[pri:4, instance:eSalesTest.QuotationTest@4566e5bd] depends on not successfully finished methods
	at org.testng.internal.Invoker.invokeTestMethods(Invoker.java:1033)
	at org.testng.internal.TestMethodWorker.invokeTestMethods(TestMethodWorker.java:125)
	at org.testng.internal.TestMethodWorker.run(TestMethodWorker.java:108)
	at org.testng.TestRunner.privateRun(TestRunner.java:774)
	at org.testng.TestRunner.run(TestRunner.java:624)
	at org.testng.SuiteRunner.runTest(SuiteRunner.java:359)
	at org.testng.SuiteRunner.access$000(SuiteRunner.java:39)
	at org.testng.SuiteRunner$SuiteWorker.run(SuiteRunner.java:393)
	at org.testng.internal.thread.ThreadUtil$2.call(ThreadUtil.java:64)
	at java.util.concurrent.FutureTask.run(Unknown Source)
	at java.util.concurrent.ThreadPoolExecutor.runWorker(Unknown Source)
	at java.util.concurrent.ThreadPoolExecutor$Worker.run(Unknown Source)
	at java.lang.Thread.run(Unknown Source)
</pre></div></td>
<td>0</td>
<td>null</td></tr>
<tr>
<td title='eSalesTest.QuotationTest.IsQuoteRestrictedToSaveWithoutPartyAddress1Address()'><b>IsQuoteRestrictedToSaveWithoutPartyAddress1Address</b><br>Test class: eSalesTest.QuotationTest</td>
<td><div><pre>java.lang.Throwable: Method QuotationTest.IsQuoteRestrictedToSaveWithoutPartyAddress1Address()[pri:17, instance:eSalesTest.QuotationTest@4566e5bd] depends on not successfully finished methods
	at java.util.concurrent.FutureTask.run(Unknown Source)
	at java.util.concurrent.ThreadPoolExecutor.runWorker(Unknown Source)
	at java.util.concurrent.ThreadPoolExecutor$Worker.run(Unknown Source)
	at java.lang.Thread.run(Unknown Source)
... Removed 9 stack frames</pre></div><a href='#' onClick='toggleBox("stack-trace264709066", this, "Click to show all stack frames", "Click to hide stack frames")'>Click to show all stack frames</a>
<div class='stack-trace' id='stack-trace264709066'><pre>java.lang.Throwable: Method QuotationTest.IsQuoteRestrictedToSaveWithoutPartyAddress1Address()[pri:17, instance:eSalesTest.QuotationTest@4566e5bd] depends on not successfully finished methods
	at org.testng.internal.Invoker.invokeTestMethods(Invoker.java:1033)
	at org.testng.internal.TestMethodWorker.invokeTestMethods(TestMethodWorker.java:125)
	at org.testng.internal.TestMethodWorker.run(TestMethodWorker.java:108)
	at org.testng.TestRunner.privateRun(TestRunner.java:774)
	at org.testng.TestRunner.run(TestRunner.java:624)
	at org.testng.SuiteRunner.runTest(SuiteRunner.java:359)
	at org.testng.SuiteRunner.access$000(SuiteRunner.java:39)
	at org.testng.SuiteRunner$SuiteWorker.run(SuiteRunner.java:393)
	at org.testng.internal.thread.ThreadUtil$2.call(ThreadUtil.java:64)
	at java.util.concurrent.FutureTask.run(Unknown Source)
	at java.util.concurrent.ThreadPoolExecutor.runWorker(Unknown Source)
	at java.util.concurrent.ThreadPoolExecutor$Worker.run(Unknown Source)
	at java.lang.Thread.run(Unknown Source)
</pre></div></td>
<td>0</td>
<td>null</td></tr>
<tr>
<td title='eSalesTest.QuotationTest.IsQuoteRestrictedToSaveWithoutPartyAddress2Address()'><b>IsQuoteRestrictedToSaveWithoutPartyAddress2Address</b><br>Test class: eSalesTest.QuotationTest</td>
<td><div><pre>java.lang.Throwable: Method QuotationTest.IsQuoteRestrictedToSaveWithoutPartyAddress2Address()[pri:20, instance:eSalesTest.QuotationTest@4566e5bd] depends on not successfully finished methods
	at java.util.concurrent.FutureTask.run(Unknown Source)
	at java.util.concurrent.ThreadPoolExecutor.runWorker(Unknown Source)
	at java.util.concurrent.ThreadPoolExecutor$Worker.run(Unknown Source)
	at java.lang.Thread.run(Unknown Source)
... Removed 9 stack frames</pre></div><a href='#' onClick='toggleBox("stack-trace1232471178", this, "Click to show all stack frames", "Click to hide stack frames")'>Click to show all stack frames</a>
<div class='stack-trace' id='stack-trace1232471178'><pre>java.lang.Throwable: Method QuotationTest.IsQuoteRestrictedToSaveWithoutPartyAddress2Address()[pri:20, instance:eSalesTest.QuotationTest@4566e5bd] depends on not successfully finished methods
	at org.testng.internal.Invoker.invokeTestMethods(Invoker.java:1033)
	at org.testng.internal.TestMethodWorker.invokeTestMethods(TestMethodWorker.java:125)
	at org.testng.internal.TestMethodWorker.run(TestMethodWorker.java:108)
	at org.testng.TestRunner.privateRun(TestRunner.java:774)
	at org.testng.TestRunner.run(TestRunner.java:624)
	at org.testng.SuiteRunner.runTest(SuiteRunner.java:359)
	at org.testng.SuiteRunner.access$000(SuiteRunner.java:39)
	at org.testng.SuiteRunner$SuiteWorker.run(SuiteRunner.java:393)
	at org.testng.internal.thread.ThreadUtil$2.call(ThreadUtil.java:64)
	at java.util.concurrent.FutureTask.run(Unknown Source)
	at java.util.concurrent.ThreadPoolExecutor.runWorker(Unknown Source)
	at java.util.concurrent.ThreadPoolExecutor$Worker.run(Unknown Source)
	at java.lang.Thread.run(Unknown Source)
</pre></div></td>
<td>0</td>
<td>null</td></tr>
<tr>
<td title='eSalesTest.QuotationTest.IsQuoteRestrictedToSelectInvalidParty()'><b>IsQuoteRestrictedToSelectInvalidParty</b><br>Test class: eSalesTest.QuotationTest</td>
<td></td>
<td>0</td>
<td>eSalesTest.QuotationTest@4566e5bd</td></tr>
<tr>
<td title='eSalesTest.QuotationTest.QuoteAttentionCanAllowLessThan100AlphaCharacters()'><b>QuoteAttentionCanAllowLessThan100AlphaCharacters</b><br>Test class: eSalesTest.QuotationTest</td>
<td></td>
<td>2</td>
<td>eSalesTest.QuotationTest@4566e5bd</td></tr>
<tr>
<td title='eSalesTest.QuotationTest.QuoteAttentionCanAllowSameNameAgainAndAgain()'><b>QuoteAttentionCanAllowSameNameAgainAndAgain</b><br>Test class: eSalesTest.QuotationTest</td>
<td></td>
<td>0</td>
<td>eSalesTest.QuotationTest@4566e5bd</td></tr>
<tr>
<td title='eSalesTest.QuotationTest.QuoteAttentionCanAllowonly100AlphaCharacters()'><b>QuoteAttentionCanAllowonly100AlphaCharacters</b><br>Test class: eSalesTest.QuotationTest</td>
<td></td>
<td>0</td>
<td>eSalesTest.QuotationTest@4566e5bd</td></tr>
<tr>
<td title='eSalesTest.QuotationTest.QuotePartyAddress1CanAllowonly100AlphanumericAndSpecialCharacters()'><b>QuotePartyAddress1CanAllowonly100AlphanumericAndSpecialCharacters</b><br>Test class: eSalesTest.QuotationTest</td>
<td></td>
<td>0</td>
<td>eSalesTest.QuotationTest@4566e5bd</td></tr>
<tr>
<td title='eSalesTest.QuotationTest.QuotePartyAddress2CanAllowonly100AlphanumericAndSpecialCharacters()'><b>QuotePartyAddress2CanAllowonly100AlphanumericAndSpecialCharacters</b><br>Test class: eSalesTest.QuotationTest</td>
<td></td>
<td>1</td>
<td>eSalesTest.QuotationTest@4566e5bd</td></tr>
<tr>
<td title='eSalesTest.QuotationTest.QuotePartyAddress3CanAllowonly100AlphanumericAndSpecialCharacters()'><b>QuotePartyAddress3CanAllowonly100AlphanumericAndSpecialCharacters</b><br>Test class: eSalesTest.QuotationTest</td>
<td></td>
<td>0</td>
<td>eSalesTest.QuotationTest@4566e5bd</td></tr>
</table><p>
</body>
</html>